
[Sat Aug 12 15:35:53 MDT 2023]Trying logout...
[Sat Aug 12 15:35:53 MDT 2023]Logout finished.
[Sat Aug 12 15:36:02 MDT 2023]Login attempt(admin) from 96.52.73.180
[Sat Aug 12 15:36:02 MDT 2023]Logged in USER(1) from 96.52.73.180
[Sat Aug 12 15:36:02 MDT 2023]Logged in ADMIN(1) from 96.52.73.180
[Sat Aug 12 15:36:25 MDT 2023]Trying logout...
[Sat Aug 12 15:36:25 MDT 2023]Logout finished.
[Sat Aug 12 15:36:41 MDT 2023]Login attempt(bryan) from 96.52.73.180
[Sat Aug 12 15:36:41 MDT 2023]Logged in USER(2) from 96.52.73.180
[Sat Aug 12 15:36:44 MDT 2023]Trying logout...
[Sat Aug 12 15:36:44 MDT 2023]Logout finished.
[Sat Aug 12 15:36:49 MDT 2023]Login attempt(admin) from 96.52.73.180
[Sat Aug 12 15:36:49 MDT 2023]Logged in USER(1) from 96.52.73.180
[Sat Aug 12 15:36:49 MDT 2023]Logged in ADMIN(1) from 96.52.73.180
[Sat Aug 12 15:37:27 MDT 2023]Checking login, found uid1
[Sat Aug 12 15:37:27 MDT 2023]Checking login, found uid1
[Sat Aug 12 15:37:28 MDT 2023]Checking login, found uid1
[Sat Aug 12 15:37:33 MDT 2023]Checking login, found uid1
[Sat Aug 12 15:37:35 MDT 2023]Checking login, found uid1
[Sat Aug 12 15:37:36 MDT 2023]Checking login, found uid1
[Sat Aug 12 15:38:10 MDT 2023]Checking login, found uid1
[Sat Aug 12 15:38:10 MDT 2023]Checking login, found uid1
[Sat Aug 12 15:38:10 MDT 2023]Logged in USER(1) from 96.52.73.180
[Sat Aug 12 15:38:10 MDT 2023]Logged in ADMIN(1) from 96.52.73.180
[Sat Aug 12 15:38:57 MDT 2023]Checking login, found uid1
[Sat Aug 12 15:38:57 MDT 2023]Checking login, found uid1
[Sat Aug 12 15:38:57 MDT 2023]Logged in USER(1) from 96.52.73.180
[Sat Aug 12 15:38:57 MDT 2023]Logged in ADMIN(1) from 96.52.73.180
[Sat Aug 12 15:54:48 MDT 2023]Checking login, found uid2
[Sat Aug 12 15:54:49 MDT 2023]Checking login, found uid2
[Sat Aug 12 15:54:50 MDT 2023]Logged in USER(2) from 96.52.73.180
[Sat Aug 12 15:55:00 MDT 2023]Trying logout...
[Sat Aug 12 15:55:00 MDT 2023]Logout finished.
[Sat Aug 12 15:55:12 MDT 2023]Login attempt(bryan) from 96.52.73.180
[Sat Aug 12 15:55:12 MDT 2023]Logged in USER(2) from 96.52.73.180
[Sat Aug 12 15:55:28 MDT 2023]Trying logout...
[Sat Aug 12 15:55:28 MDT 2023]Logout finished.
[Sat Aug 12 15:55:38 MDT 2023]Login attempt(admin) from 96.52.73.180
[Sat Aug 12 15:55:38 MDT 2023]Logged in USER(1) from 96.52.73.180
[Sat Aug 12 15:55:38 MDT 2023]Logged in ADMIN(1) from 96.52.73.180
[Sat Aug 12 15:56:24 MDT 2023]Checking login, found uid1
[Sat Aug 12 15:56:27 MDT 2023]Checking login, found uid1
[Sat Aug 12 15:56:30 MDT 2023]Checking login, found uid1
[Sat Aug 12 15:56:32 MDT 2023]Checking login, found uid1
[Sat Aug 12 16:13:27 MDT 2023]Checking login, found uid1
[Sat Aug 12 16:13:27 MDT 2023]DEBUG:isAdmin == true
[Sat Aug 12 16:13:27 MDT 2023]Checking login, found uid1
[Sat Aug 12 16:13:27 MDT 2023]DEBUG:login.ajax.php.setSessionVars got 1
[Sat Aug 12 16:13:27 MDT 2023]Logged in USER(1) from 96.52.73.180
[Sat Aug 12 16:13:27 MDT 2023]DEBUG:isAdmin == true
[Sat Aug 12 16:13:27 MDT 2023]Logged in ADMIN(1) from 96.52.73.180
[Sat Aug 12 16:13:27 MDT 2023]DEBUG:isAdmin == true
[Sat Aug 12 16:13:49 MDT 2023]Checking login, found uid1
[Sat Aug 12 16:13:49 MDT 2023]DEBUG:isAdmin == true
[Sat Aug 12 16:13:51 MDT 2023]Checking login, found uid1
[Sat Aug 12 16:13:51 MDT 2023]DEBUG:isAdmin == true
[Sat Aug 12 16:14:13 MDT 2023]Checking login, found uid1
[Sat Aug 12 16:14:13 MDT 2023]DEBUG:isAdmin == true
[Sat Aug 12 16:14:25 MDT 2023]Checking login, found uid1
[Sat Aug 12 16:14:25 MDT 2023]DEBUG:isAdmin == true
[Sat Aug 12 16:14:29 MDT 2023]Checking login, found uid1
[Sat Aug 12 16:14:29 MDT 2023]DEBUG:isAdmin == true
[Sat Aug 12 16:14:29 MDT 2023]Checking login, found uid1
[Sat Aug 12 16:14:29 MDT 2023]DEBUG:isAdmin == true
[Sat Aug 12 16:14:35 MDT 2023]Checking login, found uid1
[Sat Aug 12 16:14:35 MDT 2023]DEBUG:isAdmin == true
[Sat Aug 12 16:14:36 MDT 2023]Checking login, found uid1
[Sat Aug 12 16:14:36 MDT 2023]DEBUG:login.ajax.php.setSessionVars got 1
[Sat Aug 12 16:14:36 MDT 2023]Logged in USER(1) from 96.52.73.180
[Sat Aug 12 16:14:36 MDT 2023]DEBUG:isAdmin == true
[Sat Aug 12 16:14:36 MDT 2023]Logged in ADMIN(1) from 96.52.73.180
[Sat Aug 12 16:14:36 MDT 2023]DEBUG:isAdmin == true
[Sat Aug 12 16:14:41 MDT 2023]Checking login, found uid1
[Sat Aug 12 16:14:41 MDT 2023]DEBUG:isAdmin == true
[Sat Aug 12 16:14:42 MDT 2023]Checking login, found uid1
[Sat Aug 12 16:14:42 MDT 2023]DEBUG:login.ajax.php.setSessionVars got 1
[Sat Aug 12 16:14:42 MDT 2023]Logged in USER(1) from 96.52.73.180
[Sat Aug 12 16:14:42 MDT 2023]DEBUG:isAdmin == true
[Sat Aug 12 16:14:42 MDT 2023]Logged in ADMIN(1) from 96.52.73.180
[Sat Aug 12 16:14:42 MDT 2023]DEBUG:isAdmin == true
[Sat Aug 12 16:14:44 MDT 2023]Checking login, found uid1
[Sat Aug 12 16:14:44 MDT 2023]DEBUG:isAdmin == true
[Sat Aug 12 16:14:48 MDT 2023]Checking login, found uid1
[Sat Aug 12 16:14:48 MDT 2023]DEBUG:isAdmin == true
[Sat Aug 12 16:14:49 MDT 2023]Checking login, found uid1
[Sat Aug 12 16:14:49 MDT 2023]DEBUG:isAdmin == true
[Sat Aug 12 16:15:12 MDT 2023]Checking login, found uid1
[Sat Aug 12 16:15:12 MDT 2023]DEBUG:isAdmin == true
[Sat Aug 12 16:16:38 MDT 2023]Checking login, found uid1
[Sat Aug 12 16:16:38 MDT 2023]DEBUG:isAdmin == true
[Sat Aug 12 16:16:38 MDT 2023]Checking login, found uid1
[Sat Aug 12 16:16:38 MDT 2023]DEBUG:login.ajax.php.setSessionVars got 1
[Sat Aug 12 16:16:38 MDT 2023]Logged in USER(1) from 96.52.73.180
[Sat Aug 12 16:16:38 MDT 2023]DEBUG:isAdmin == true
[Sat Aug 12 16:16:38 MDT 2023]Logged in ADMIN(1) from 96.52.73.180
[Sat Aug 12 16:16:38 MDT 2023]DEBUG:isAdmin == true
[Sat Aug 12 16:16:40 MDT 2023]Checking login, found uid1
[Sat Aug 12 16:16:40 MDT 2023]DEBUG:isAdmin == true
[Sat Aug 12 16:16:42 MDT 2023]Checking login, found uid1
[Sat Aug 12 16:16:42 MDT 2023]DEBUG:isAdmin == true
[Sat Aug 12 16:16:43 MDT 2023]Checking login, found uid1
[Sat Aug 12 16:16:43 MDT 2023]DEBUG:isAdmin == true
[Sat Aug 12 16:16:56 MDT 2023]Checking login, found uid1
[Sat Aug 12 16:16:56 MDT 2023]DEBUG:isAdmin == true
[Sat Aug 12 16:17:13 MDT 2023]Checking login, found uid1
[Sat Aug 12 16:17:13 MDT 2023]DEBUG:isAdmin == true
[Sat Aug 12 16:17:18 MDT 2023]Checking login, found uid1
[Sat Aug 12 16:17:18 MDT 2023]DEBUG:isAdmin == true
[Sat Aug 12 16:22:50 MDT 2023]Checking login, found uid1
[Sat Aug 12 16:22:50 MDT 2023]DEBUG:isAdmin == true
[Sat Aug 12 16:22:50 MDT 2023]Checking login, found uid1
[Sat Aug 12 16:22:50 MDT 2023]DEBUG:login.ajax.php.setSessionVars got 1
[Sat Aug 12 16:22:50 MDT 2023]Logged in USER(1) from 96.52.73.180
[Sat Aug 12 16:22:50 MDT 2023]DEBUG:isAdmin == true
[Sat Aug 12 16:22:50 MDT 2023]Logged in ADMIN(1) from 96.52.73.180
[Sat Aug 12 16:22:50 MDT 2023]DEBUG:isAdmin == true
[Sat Aug 12 16:24:08 MDT 2023]Checking login, found uid1
[Sat Aug 12 16:24:08 MDT 2023]DEBUG:isAdmin == true
[Sat Aug 12 16:24:08 MDT 2023]Checking login, found uid1
[Sat Aug 12 16:24:08 MDT 2023]DEBUG:login.ajax.php.setSessionVars got 1
[Sat Aug 12 16:24:08 MDT 2023]Logged in USER(1) from 96.52.73.180
[Sat Aug 12 16:24:08 MDT 2023]DEBUG:isAdmin == true
[Sat Aug 12 16:24:08 MDT 2023]Logged in ADMIN(1) from 96.52.73.180
[Sat Aug 12 16:24:09 MDT 2023]DEBUG:isAdmin == true
[Sat Aug 12 16:24:10 MDT 2023]Checking login, found uid1
[Sat Aug 12 16:24:10 MDT 2023]DEBUG:isAdmin == true
[Sat Aug 12 16:24:11 MDT 2023]Checking login, found uid1
[Sat Aug 12 16:24:11 MDT 2023]DEBUG:isAdmin == true
[Sat Aug 12 16:24:12 MDT 2023]Checking login, found uid1
[Sat Aug 12 16:24:12 MDT 2023]DEBUG:isAdmin == true
[Sat Aug 12 16:24:13 MDT 2023]Checking login, found uid1
[Sat Aug 12 16:24:13 MDT 2023]DEBUG:isAdmin == true
[Sat Aug 12 16:27:00 MDT 2023]Checking login, found uid1
[Sat Aug 12 16:27:00 MDT 2023]DEBUG:isAdmin == true
[Sat Aug 12 16:27:00 MDT 2023]Checking login, found uid1
[Sat Aug 12 16:27:00 MDT 2023]DEBUG:login.ajax.php.setSessionVars got 1
[Sat Aug 12 16:27:00 MDT 2023]Logged in USER(1) from 96.52.73.180
[Sat Aug 12 16:27:00 MDT 2023]DEBUG:isAdmin == true
[Sat Aug 12 16:27:00 MDT 2023]Logged in ADMIN(1) from 96.52.73.180
[Sat Aug 12 16:27:00 MDT 2023]DEBUG:isAdmin == true
[Sat Aug 12 16:27:17 MDT 2023]Checking login, found uid1
[Sat Aug 12 16:27:17 MDT 2023]DEBUG:isAdmin == true
[Sat Aug 12 16:27:31 MDT 2023]Checking login, found uid1
[Sat Aug 12 16:27:31 MDT 2023]DEBUG:isAdmin == true
[Sat Aug 12 16:31:30 MDT 2023]Checking login, found uid1
[Sat Aug 12 16:31:30 MDT 2023]DEBUG:isAdmin == true
[Sat Aug 12 16:31:30 MDT 2023]Checking login, found uid1
[Sat Aug 12 16:31:30 MDT 2023]DEBUG:login.ajax.php.setSessionVars got 1
[Sat Aug 12 16:31:30 MDT 2023]Logged in USER(1) from 96.52.73.180
[Sat Aug 12 16:31:30 MDT 2023]DEBUG:isAdmin == true
[Sat Aug 12 16:31:30 MDT 2023]Logged in ADMIN(1) from 96.52.73.180
[Sat Aug 12 16:31:30 MDT 2023]DEBUG:isAdmin == true
[Sat Aug 12 16:31:32 MDT 2023]Checking login, found uid1
[Sat Aug 12 16:31:32 MDT 2023]DEBUG:isAdmin == true
[Sat Aug 12 16:31:33 MDT 2023]Checking login, found uid1
[Sat Aug 12 16:31:33 MDT 2023]DEBUG:isAdmin == true
[Sat Aug 12 16:32:39 MDT 2023]Checking login, found uid1
[Sat Aug 12 16:32:39 MDT 2023]DEBUG:isAdmin == true
[Sat Aug 12 16:32:39 MDT 2023]Checking login, found uid1
[Sat Aug 12 16:32:40 MDT 2023]DEBUG:login.ajax.php.setSessionVars got 1
[Sat Aug 12 16:32:40 MDT 2023]Logged in USER(1) from 96.52.73.180
[Sat Aug 12 16:32:40 MDT 2023]DEBUG:isAdmin == true
[Sat Aug 12 16:32:40 MDT 2023]Logged in ADMIN(1) from 96.52.73.180
[Sat Aug 12 16:32:40 MDT 2023]DEBUG:isAdmin == true
[Sat Aug 12 16:32:45 MDT 2023]Checking login, found uid1
[Sat Aug 12 16:32:45 MDT 2023]DEBUG:isAdmin == true
[Sat Aug 12 16:32:45 MDT 2023]Checking login, found uid1
[Sat Aug 12 16:32:46 MDT 2023]DEBUG:login.ajax.php.setSessionVars got 1
[Sat Aug 12 16:32:46 MDT 2023]Logged in USER(1) from 96.52.73.180
[Sat Aug 12 16:32:46 MDT 2023]DEBUG:isAdmin == true
[Sat Aug 12 16:32:46 MDT 2023]Logged in ADMIN(1) from 96.52.73.180
[Sat Aug 12 16:32:46 MDT 2023]DEBUG:isAdmin == true
[Sat Aug 12 16:33:12 MDT 2023]Checking login, found uid1
[Sat Aug 12 16:33:12 MDT 2023]DEBUG:isAdmin == true
[Sat Aug 12 16:33:12 MDT 2023]Checking login, found uid1
[Sat Aug 12 16:33:12 MDT 2023]DEBUG:login.ajax.php.setSessionVars got 1
[Sat Aug 12 16:33:12 MDT 2023]Logged in USER(1) from 96.52.73.180
[Sat Aug 12 16:33:12 MDT 2023]DEBUG:isAdmin == true
[Sat Aug 12 16:33:12 MDT 2023]Logged in ADMIN(1) from 96.52.73.180
[Sat Aug 12 16:33:12 MDT 2023]DEBUG:isAdmin == true
[Sat Aug 12 16:33:17 MDT 2023]Checking login, found uid1
[Sat Aug 12 16:33:17 MDT 2023]DEBUG:isAdmin == true
[Sat Aug 12 16:33:22 MDT 2023]Checking login, found uid1
[Sat Aug 12 16:33:22 MDT 2023]DEBUG:isAdmin == true
[Sat Aug 12 16:33:33 MDT 2023]Checking login, found uid1
[Sat Aug 12 16:33:33 MDT 2023]DEBUG:isAdmin == true
[Sat Aug 12 16:33:43 MDT 2023]Checking login, found uid1
[Sat Aug 12 16:33:43 MDT 2023]DEBUG:isAdmin == true
[Sat Aug 12 16:34:45 MDT 2023]Checking login, found uid1
[Sat Aug 12 16:34:45 MDT 2023]DEBUG:isAdmin == true
[Sat Aug 12 16:34:45 MDT 2023]Checking login, found uid1
[Sat Aug 12 16:34:45 MDT 2023]DEBUG:login.ajax.php.setSessionVars got 1
[Sat Aug 12 16:34:45 MDT 2023]Logged in USER(1) from 96.52.73.180
[Sat Aug 12 16:34:45 MDT 2023]DEBUG:isAdmin == true
[Sat Aug 12 16:34:45 MDT 2023]Logged in ADMIN(1) from 96.52.73.180
[Sat Aug 12 16:34:45 MDT 2023]DEBUG:isAdmin == true
[Sat Aug 12 16:35:00 MDT 2023]Trying logout...
[Sat Aug 12 16:35:00 MDT 2023]Logout finished.
[Sat Aug 12 16:35:01 MDT 2023]DEBUG:login.ajax.php.checklogin failed
[Sat Aug 12 16:35:01 MDT 2023]DEBUG:login.ajax.php.checklogin failed
[Sat Aug 12 16:35:07 MDT 2023]DEBUG:login.ajax.php.checklogin failed
[Sat Aug 12 16:35:07 MDT 2023]DEBUG:login.ajax.php.checklogin failed
[Sat Aug 12 16:35:24 MDT 2023]DEBUG:login.ajax.php.checklogin failed
[Sat Aug 12 16:35:24 MDT 2023]DEBUG:login.ajax.php.checklogin failed
[Sat Aug 12 16:36:40 MDT 2023]DEBUG:login.ajax.php.checklogin failed
[Sat Aug 12 16:36:40 MDT 2023]DEBUG:login.ajax.php.checklogin failed
[Sat Aug 12 16:36:49 MDT 2023]DEBUG:login.ajax.php.checklogin failed
[Sat Aug 12 16:36:49 MDT 2023]DEBUG:login.ajax.php.checklogin failed
[Sat Aug 12 16:36:51 MDT 2023]DEBUG:login.ajax.php.checklogin failed
[Sat Aug 12 16:36:51 MDT 2023]DEBUG:login.ajax.php.checklogin failed
[Sat Aug 12 16:37:07 MDT 2023]DEBUG:login.ajax.php.checklogin failed
[Sat Aug 12 16:37:07 MDT 2023]DEBUG:login.ajax.php.checklogin failed
[Sat Aug 12 16:38:29 MDT 2023]DEBUG:login.ajax.php.checklogin failed
[Sat Aug 12 16:38:29 MDT 2023]DEBUG:login.ajax.php.checklogin failed
[Sat Aug 12 16:38:49 MDT 2023]Login attempt(admin) from 96.52.73.180
[Sat Aug 12 16:38:49 MDT 2023]DEBUG:login.ajax.php.login got 1
[Sat Aug 12 16:38:49 MDT 2023]DEBUG:login.ajax.php.setSessionVars got 1
[Sat Aug 12 16:38:49 MDT 2023]Logged in USER(1) from 96.52.73.180
[Sat Aug 12 16:38:49 MDT 2023]DEBUG:isAdmin == true
[Sat Aug 12 16:38:49 MDT 2023]Logged in ADMIN(1) from 96.52.73.180
[Sat Aug 12 16:38:49 MDT 2023]DEBUG:isAdmin == true
[Sat Aug 12 16:38:54 MDT 2023]Checking login, found uid1
[Sat Aug 12 16:38:54 MDT 2023]DEBUG:isAdmin == true
[Sat Aug 12 16:38:55 MDT 2023]Checking login, found uid1
[Sat Aug 12 16:38:55 MDT 2023]DEBUG:isAdmin == true
[Sat Aug 12 16:38:57 MDT 2023]Checking login, found uid1
[Sat Aug 12 16:38:57 MDT 2023]DEBUG:isAdmin == true
[Sat Aug 12 16:38:59 MDT 2023]Checking login, found uid1
[Sat Aug 12 16:38:59 MDT 2023]DEBUG:isAdmin == true
[Sat Aug 12 16:39:00 MDT 2023]Checking login, found uid1
[Sat Aug 12 16:39:00 MDT 2023]DEBUG:isAdmin == true
[Sat Aug 12 16:39:05 MDT 2023]Checking login, found uid1
[Sat Aug 12 16:39:05 MDT 2023]DEBUG:isAdmin == true
[Sat Aug 12 16:39:08 MDT 2023]Checking login, found uid1
[Sat Aug 12 16:39:08 MDT 2023]DEBUG:isAdmin == true
[Sat Aug 12 16:39:08 MDT 2023]Checking login, found uid1
[Sat Aug 12 16:39:08 MDT 2023]DEBUG:login.ajax.php.setSessionVars got 1
[Sat Aug 12 16:39:08 MDT 2023]Logged in USER(1) from 96.52.73.180
[Sat Aug 12 16:39:08 MDT 2023]DEBUG:isAdmin == true
[Sat Aug 12 16:39:08 MDT 2023]Logged in ADMIN(1) from 96.52.73.180
[Sat Aug 12 16:39:08 MDT 2023]DEBUG:isAdmin == true
[Sat Aug 12 17:15:32 MDT 2023]DEBUG:login.ajax.php.checklogin failed
[Sat Aug 12 17:15:32 MDT 2023]DEBUG:login.ajax.php.checklogin failed
[Sun Aug 13 03:48:24 MDT 2023]Checking login, found uid1
[Sun Aug 13 03:48:24 MDT 2023]DEBUG:isAdmin == true
[Sun Aug 13 03:48:24 MDT 2023]Checking login, found uid1
[Sun Aug 13 03:48:24 MDT 2023]DEBUG:login.ajax.php.setSessionVars got 1
[Sun Aug 13 03:48:24 MDT 2023]Logged in USER(1) from 96.52.73.180
[Sun Aug 13 03:48:24 MDT 2023]DEBUG:isAdmin == true
[Sun Aug 13 03:48:24 MDT 2023]Logged in ADMIN(1) from 96.52.73.180
[Sun Aug 13 03:48:25 MDT 2023]DEBUG:isAdmin == true
[Sun Aug 13 03:48:40 MDT 2023]Checking login, found uid1
[Sun Aug 13 03:48:40 MDT 2023]DEBUG:isAdmin == true
[Sun Aug 13 03:48:42 MDT 2023]Checking login, found uid1
[Sun Aug 13 03:48:42 MDT 2023]DEBUG:isAdmin == true
[Sun Aug 13 03:48:46 MDT 2023]Checking login, found uid1
[Sun Aug 13 03:48:46 MDT 2023]DEBUG:isAdmin == true
[Sun Aug 13 03:49:25 MDT 2023]Checking login, found uid1
[Sun Aug 13 03:49:25 MDT 2023]DEBUG:isAdmin == true
[Sun Aug 13 03:49:25 MDT 2023]Checking login, found uid1
[Sun Aug 13 03:49:25 MDT 2023]DEBUG:login.ajax.php.setSessionVars got 1
[Sun Aug 13 03:49:25 MDT 2023]Logged in USER(1) from 96.52.73.180
[Sun Aug 13 03:49:25 MDT 2023]DEBUG:isAdmin == true
[Sun Aug 13 03:49:25 MDT 2023]Logged in ADMIN(1) from 96.52.73.180
[Sun Aug 13 03:49:26 MDT 2023]DEBUG:isAdmin == true
[Sun Aug 13 03:49:39 MDT 2023]Checking login, found uid1
[Sun Aug 13 03:49:39 MDT 2023]Checking login, found uid1
[Sun Aug 13 03:49:39 MDT 2023]DEBUG:isAdmin == true
[Sun Aug 13 03:49:39 MDT 2023]DEBUG:login.ajax.php.setSessionVars got 1
[Sun Aug 13 03:49:39 MDT 2023]Logged in USER(1) from 96.52.73.180
[Sun Aug 13 03:49:39 MDT 2023]DEBUG:isAdmin == true
[Sun Aug 13 03:49:40 MDT 2023]Logged in ADMIN(1) from 96.52.73.180
[Sun Aug 13 03:49:40 MDT 2023]DEBUG:isAdmin == true
[Sun Aug 13 03:49:46 MDT 2023]Checking login, found uid1
[Sun Aug 13 03:49:46 MDT 2023]DEBUG:isAdmin == true
[Sun Aug 13 03:49:48 MDT 2023]Checking login, found uid1
[Sun Aug 13 03:49:48 MDT 2023]DEBUG:isAdmin == true
[Sun Aug 13 03:49:49 MDT 2023]Checking login, found uid1
[Sun Aug 13 03:49:49 MDT 2023]DEBUG:isAdmin == true
[Sun Aug 13 03:50:21 MDT 2023]Checking login, found uid1
[Sun Aug 13 03:50:21 MDT 2023]DEBUG:isAdmin == true
[Sun Aug 13 03:50:24 MDT 2023]Checking login, found uid1
[Sun Aug 13 03:50:24 MDT 2023]DEBUG:isAdmin == true
[Sun Aug 13 03:50:26 MDT 2023]Checking login, found uid1
[Sun Aug 13 03:50:26 MDT 2023]DEBUG:isAdmin == true
[Sun Aug 13 03:50:53 MDT 2023]Toggling admin status for userID: 2 from 96.52.73.180
[Sun Aug 13 03:50:53 MDT 2023]DEBUG:isAdmin == false
[Sun Aug 13 03:50:55 MDT 2023]Attempting to save user info for bryan from 96.52.73.180
[Sun Aug 13 03:51:10 MDT 2023]Checking login, found uid1
[Sun Aug 13 03:51:10 MDT 2023]Checking login, found uid1
[Sun Aug 13 03:51:10 MDT 2023]DEBUG:isAdmin == true
[Sun Aug 13 03:51:10 MDT 2023]DEBUG:login.ajax.php.setSessionVars got 1
[Sun Aug 13 03:51:10 MDT 2023]Logged in USER(1) from 96.52.73.180
[Sun Aug 13 03:51:10 MDT 2023]DEBUG:isAdmin == true
[Sun Aug 13 03:51:10 MDT 2023]Logged in ADMIN(1) from 96.52.73.180
[Sun Aug 13 03:51:10 MDT 2023]DEBUG:isAdmin == true
[Sun Aug 13 03:51:20 MDT 2023]Checking login, found uid1
[Sun Aug 13 03:51:20 MDT 2023]DEBUG:isAdmin == true
[Sun Aug 13 03:51:22 MDT 2023]Checking login, found uid1
[Sun Aug 13 03:51:22 MDT 2023]DEBUG:isAdmin == true
[Sun Aug 13 03:51:24 MDT 2023]Checking login, found uid1
[Sun Aug 13 03:51:24 MDT 2023]DEBUG:isAdmin == true
[Sun Aug 13 03:51:27 MDT 2023]Checking login, found uid1
[Sun Aug 13 03:51:27 MDT 2023]DEBUG:isAdmin == true
[Sun Aug 13 04:09:25 MDT 2023]Checking login, found uid1
[Sun Aug 13 04:09:25 MDT 2023]DEBUG:isAdmin == true
[Sun Aug 13 04:09:25 MDT 2023]Checking login, found uid1
[Sun Aug 13 04:09:26 MDT 2023]DEBUG:login.ajax.php.setSessionVars got 1
[Sun Aug 13 04:09:26 MDT 2023]Logged in USER(1) from 96.52.73.180
[Sun Aug 13 04:09:26 MDT 2023]DEBUG:isAdmin == true
[Sun Aug 13 04:09:26 MDT 2023]Logged in ADMIN(1) from 96.52.73.180
[Sun Aug 13 04:09:26 MDT 2023]DEBUG:isAdmin == true
[Sun Aug 13 04:12:21 MDT 2023]Checking login, found uid1
[Sun Aug 13 04:12:21 MDT 2023]DEBUG:isAdmin == true
[Sun Aug 13 04:12:22 MDT 2023]Checking login, found uid1
[Sun Aug 13 04:12:22 MDT 2023]DEBUG:isAdmin == true
[Sun Aug 13 04:12:30 MDT 2023]Login attempt(admin) from 96.52.73.180
[Sun Aug 13 04:12:30 MDT 2023]DEBUG:login.ajax.php.login got 1
[Sun Aug 13 04:12:31 MDT 2023]DEBUG:login.ajax.php.setSessionVars got 1
[Sun Aug 13 04:12:31 MDT 2023]Logged in USER(1) from 96.52.73.180
[Sun Aug 13 04:12:31 MDT 2023]DEBUG:isAdmin == true
[Sun Aug 13 04:12:31 MDT 2023]Logged in ADMIN(1) from 96.52.73.180
[Sun Aug 13 04:12:31 MDT 2023]DEBUG:isAdmin == true
[Sun Aug 13 04:12:32 MDT 2023]Checking login, found uid1
[Sun Aug 13 04:12:32 MDT 2023]DEBUG:isAdmin == true
[Sun Aug 13 04:12:34 MDT 2023]Checking login, found uid1
[Sun Aug 13 04:12:34 MDT 2023]DEBUG:isAdmin == true
[Sun Aug 13 06:26:28 MDT 2023]Checking login, found uid1
[Sun Aug 13 06:26:28 MDT 2023]DEBUG:isAdmin == true
[Sun Aug 13 06:26:28 MDT 2023]Checking login, found uid1
[Sun Aug 13 06:26:28 MDT 2023]DEBUG:login.ajax.php.setSessionVars got 1
[Sun Aug 13 06:26:28 MDT 2023]Logged in USER(1) from 96.52.73.180
[Sun Aug 13 06:26:28 MDT 2023]DEBUG:isAdmin == true
[Sun Aug 13 06:26:29 MDT 2023]Logged in ADMIN(1) from 96.52.73.180
[Sun Aug 13 06:26:29 MDT 2023]DEBUG:isAdmin == true
[Sun Aug 13 06:28:53 MDT 2023]Checking login, found uid1
[Sun Aug 13 06:28:53 MDT 2023]DEBUG:isAdmin == true
[Sun Aug 13 06:28:53 MDT 2023]Checking login, found uid1
[Sun Aug 13 06:28:54 MDT 2023]DEBUG:isAdmin == true
[Sun Aug 13 06:28:54 MDT 2023]DEBUG:login.ajax.php.setSessionVars got 1
[Sun Aug 13 06:28:54 MDT 2023]Logged in USER(1) from 96.52.73.180
[Sun Aug 13 06:28:54 MDT 2023]DEBUG:isAdmin == true
[Sun Aug 13 06:28:54 MDT 2023]Logged in ADMIN(1) from 96.52.73.180
[Sun Aug 13 06:28:57 MDT 2023]Checking login, found uid1
[Sun Aug 13 06:28:57 MDT 2023]DEBUG:isAdmin == true
[Sun Aug 13 06:31:03 MDT 2023]Checking login, found uid1
[Sun Aug 13 06:31:03 MDT 2023]DEBUG:isAdmin == true
[Sun Aug 13 06:31:07 MDT 2023]Trying logout...
[Sun Aug 13 06:31:07 MDT 2023]Logout finished.
[Sun Aug 13 06:31:07 MDT 2023]DEBUG:login.ajax.php.checklogin failed
[Sun Aug 13 06:31:07 MDT 2023]DEBUG:login.ajax.php.checklogin failed
[Sun Aug 13 06:31:11 MDT 2023]DEBUG:login.ajax.php.checklogin failed
[Sun Aug 13 06:31:11 MDT 2023]DEBUG:login.ajax.php.checklogin failed
[Sun Aug 13 06:31:23 MDT 2023]DEBUG:login.ajax.php.checklogin failed
[Sun Aug 13 06:31:23 MDT 2023]DEBUG:login.ajax.php.checklogin failed
[Sun Aug 13 06:31:30 MDT 2023]Login attempt(admin) from 96.52.73.180
[Sun Aug 13 06:31:30 MDT 2023]DEBUG:login.ajax.php.login got 1
[Sun Aug 13 06:31:30 MDT 2023]DEBUG:login.ajax.php.setSessionVars got 1
[Sun Aug 13 06:31:30 MDT 2023]Logged in USER(1) from 96.52.73.180
[Sun Aug 13 06:31:30 MDT 2023]DEBUG:isAdmin == true
[Sun Aug 13 06:31:30 MDT 2023]Logged in ADMIN(1) from 96.52.73.180
[Sun Aug 13 06:31:30 MDT 2023]DEBUG:isAdmin == true
[Sun Aug 13 06:31:56 MDT 2023]Checking login, found uid1
[Sun Aug 13 06:31:56 MDT 2023]DEBUG:isAdmin == true
[Sun Aug 13 06:31:57 MDT 2023]Checking login, found uid1
[Sun Aug 13 06:31:57 MDT 2023]DEBUG:login.ajax.php.setSessionVars got 1
[Sun Aug 13 06:31:57 MDT 2023]Logged in USER(1) from 96.52.73.180
[Sun Aug 13 06:31:57 MDT 2023]DEBUG:isAdmin == true
[Sun Aug 13 06:31:57 MDT 2023]Logged in ADMIN(1) from 96.52.73.180
[Sun Aug 13 06:31:57 MDT 2023]DEBUG:isAdmin == true
[Sun Aug 13 06:32:54 MDT 2023]Checking login, found uid1
[Sun Aug 13 06:32:54 MDT 2023]Checking login, found uid1
[Sun Aug 13 06:32:54 MDT 2023]DEBUG:isAdmin == true
[Sun Aug 13 06:32:54 MDT 2023]DEBUG:login.ajax.php.setSessionVars got 1
[Sun Aug 13 06:32:54 MDT 2023]Logged in USER(1) from 96.52.73.180
[Sun Aug 13 06:32:54 MDT 2023]DEBUG:isAdmin == true
[Sun Aug 13 06:32:54 MDT 2023]Logged in ADMIN(1) from 96.52.73.180
[Sun Aug 13 06:32:54 MDT 2023]DEBUG:isAdmin == true
[Sun Aug 13 06:33:15 MDT 2023]Checking login, found uid1
[Sun Aug 13 06:33:15 MDT 2023]DEBUG:isAdmin == true
[Sun Aug 13 06:33:15 MDT 2023]Checking login, found uid1
[Sun Aug 13 06:33:15 MDT 2023]DEBUG:login.ajax.php.setSessionVars got 1
[Sun Aug 13 06:33:15 MDT 2023]Logged in USER(1) from 96.52.73.180
[Sun Aug 13 06:33:15 MDT 2023]DEBUG:isAdmin == true
[Sun Aug 13 06:33:15 MDT 2023]Logged in ADMIN(1) from 96.52.73.180
[Sun Aug 13 06:33:16 MDT 2023]DEBUG:isAdmin == true
[Sun Aug 13 06:36:50 MDT 2023]Checking login, found uid1
[Sun Aug 13 06:36:50 MDT 2023]DEBUG:isAdmin == true
[Sun Aug 13 06:36:51 MDT 2023]Checking login, found uid1
[Sun Aug 13 06:36:51 MDT 2023]DEBUG:login.ajax.php.setSessionVars got 1
[Sun Aug 13 06:36:51 MDT 2023]Logged in USER(1) from 96.52.73.180
[Sun Aug 13 06:36:51 MDT 2023]DEBUG:isAdmin == true
[Sun Aug 13 06:36:51 MDT 2023]Logged in ADMIN(1) from 96.52.73.180
[Sun Aug 13 06:36:51 MDT 2023]DEBUG:isAdmin == true
[Sun Aug 13 06:39:00 MDT 2023]Checking login, found uid1
[Sun Aug 13 06:39:00 MDT 2023]DEBUG:isAdmin == true
[Sun Aug 13 06:39:00 MDT 2023]Checking login, found uid1
[Sun Aug 13 06:39:00 MDT 2023]DEBUG:isAdmin == true
[Sun Aug 13 06:39:00 MDT 2023]DEBUG:login.ajax.php.setSessionVars got 1
[Sun Aug 13 06:39:00 MDT 2023]Logged in USER(1) from 96.52.73.180
[Sun Aug 13 06:39:00 MDT 2023]DEBUG:isAdmin == true
[Sun Aug 13 06:39:00 MDT 2023]Logged in ADMIN(1) from 96.52.73.180
[Sun Aug 13 06:40:57 MDT 2023]Checking login, found uid1
[Sun Aug 13 06:40:57 MDT 2023]DEBUG:isAdmin == true
[Sun Aug 13 06:40:57 MDT 2023]Checking login, found uid1
[Sun Aug 13 06:40:57 MDT 2023]DEBUG:login.ajax.php.setSessionVars got 1
[Sun Aug 13 06:40:57 MDT 2023]Logged in USER(1) from 96.52.73.180
[Sun Aug 13 06:40:57 MDT 2023]DEBUG:isAdmin == true
[Sun Aug 13 06:40:57 MDT 2023]Logged in ADMIN(1) from 96.52.73.180
[Sun Aug 13 06:40:57 MDT 2023]DEBUG:isAdmin == true
[Sun Aug 13 06:41:20 MDT 2023]Checking login, found uid1
[Sun Aug 13 06:41:20 MDT 2023]DEBUG:isAdmin == true
[Sun Aug 13 06:41:21 MDT 2023]Checking login, found uid1
[Sun Aug 13 06:41:21 MDT 2023]DEBUG:login.ajax.php.setSessionVars got 1
[Sun Aug 13 06:41:21 MDT 2023]Logged in USER(1) from 96.52.73.180
[Sun Aug 13 06:41:21 MDT 2023]DEBUG:isAdmin == true
[Sun Aug 13 06:41:21 MDT 2023]Logged in ADMIN(1) from 96.52.73.180
[Sun Aug 13 06:41:21 MDT 2023]DEBUG:isAdmin == true
[Sun Aug 13 06:41:42 MDT 2023]Checking login, found uid1
[Sun Aug 13 06:41:42 MDT 2023]Checking login, found uid1
[Sun Aug 13 06:41:42 MDT 2023]DEBUG:isAdmin == true
[Sun Aug 13 06:41:42 MDT 2023]DEBUG:isAdmin == true
[Sun Aug 13 06:41:42 MDT 2023]DEBUG:login.ajax.php.setSessionVars got 1
[Sun Aug 13 06:41:42 MDT 2023]Logged in USER(1) from 96.52.73.180
[Sun Aug 13 06:41:42 MDT 2023]DEBUG:isAdmin == true
[Sun Aug 13 06:41:42 MDT 2023]Logged in ADMIN(1) from 96.52.73.180
[Sun Aug 13 06:42:12 MDT 2023]Checking login, found uid1
[Sun Aug 13 06:42:12 MDT 2023]DEBUG:isAdmin == true
[Sun Aug 13 06:42:12 MDT 2023]Checking login, found uid1
[Sun Aug 13 06:42:12 MDT 2023]DEBUG:isAdmin == true
[Sun Aug 13 06:42:12 MDT 2023]DEBUG:login.ajax.php.setSessionVars got 1
[Sun Aug 13 06:42:12 MDT 2023]Logged in USER(1) from 96.52.73.180
[Sun Aug 13 06:42:13 MDT 2023]DEBUG:isAdmin == true
[Sun Aug 13 06:42:13 MDT 2023]Logged in ADMIN(1) from 96.52.73.180
[Sun Aug 13 06:42:27 MDT 2023]Checking login, found uid1
[Sun Aug 13 06:42:27 MDT 2023]DEBUG:isAdmin == true
[Sun Aug 13 06:42:27 MDT 2023]Checking login, found uid1
[Sun Aug 13 06:42:27 MDT 2023]DEBUG:login.ajax.php.setSessionVars got 1
[Sun Aug 13 06:42:28 MDT 2023]Logged in USER(1) from 96.52.73.180
[Sun Aug 13 06:42:28 MDT 2023]DEBUG:isAdmin == true
[Sun Aug 13 06:42:28 MDT 2023]Logged in ADMIN(1) from 96.52.73.180
[Sun Aug 13 06:42:28 MDT 2023]DEBUG:isAdmin == true
[Sun Aug 13 06:48:05 MDT 2023]Checking login, found uid1
[Sun Aug 13 06:48:05 MDT 2023]Checking login, found uid1
[Sun Aug 13 06:48:05 MDT 2023]DEBUG:isAdmin == true
[Sun Aug 13 06:48:05 MDT 2023]DEBUG:login.ajax.php.setSessionVars got 1
[Sun Aug 13 06:48:05 MDT 2023]Logged in USER(1) from 96.52.73.180
[Sun Aug 13 06:48:05 MDT 2023]DEBUG:isAdmin == true
[Sun Aug 13 06:48:05 MDT 2023]Logged in ADMIN(1) from 96.52.73.180
[Sun Aug 13 06:48:05 MDT 2023]DEBUG:isAdmin == true
[Sun Aug 13 06:48:08 MDT 2023]Trying logout...
[Sun Aug 13 06:48:08 MDT 2023]Logout finished.
[Sun Aug 13 06:48:08 MDT 2023]DEBUG:login.ajax.php.checklogin failed
[Sun Aug 13 06:48:09 MDT 2023]DEBUG:login.ajax.php.checklogin failed
[Sun Aug 13 06:48:13 MDT 2023]Login attempt(admin) from 96.52.73.180
[Sun Aug 13 06:48:13 MDT 2023]DEBUG:login.ajax.php.login got 1
[Sun Aug 13 06:48:13 MDT 2023]DEBUG:login.ajax.php.setSessionVars got 1
[Sun Aug 13 06:48:13 MDT 2023]Logged in USER(1) from 96.52.73.180
[Sun Aug 13 06:48:13 MDT 2023]DEBUG:isAdmin == true
[Sun Aug 13 06:48:13 MDT 2023]Logged in ADMIN(1) from 96.52.73.180
[Sun Aug 13 06:48:13 MDT 2023]DEBUG:isAdmin == true
[Sun Aug 13 06:48:15 MDT 2023]Checking login, found uid1
[Sun Aug 13 06:48:15 MDT 2023]DEBUG:isAdmin == true
[Sun Aug 13 06:48:16 MDT 2023]Checking login, found uid1
[Sun Aug 13 06:48:16 MDT 2023]DEBUG:isAdmin == true
[Sun Aug 13 06:48:17 MDT 2023]Checking login, found uid1
[Sun Aug 13 06:48:17 MDT 2023]DEBUG:isAdmin == true
[Sun Aug 13 06:48:18 MDT 2023]Checking login, found uid1
[Sun Aug 13 06:48:18 MDT 2023]DEBUG:isAdmin == true
[Sun Aug 13 06:48:19 MDT 2023]Checking login, found uid1
[Sun Aug 13 06:48:19 MDT 2023]DEBUG:isAdmin == true
[Sun Aug 13 06:48:21 MDT 2023]Checking login, found uid1
[Sun Aug 13 06:48:21 MDT 2023]DEBUG:isAdmin == true
[Sun Aug 13 06:48:22 MDT 2023]Checking login, found uid1
[Sun Aug 13 06:48:22 MDT 2023]DEBUG:isAdmin == true
[Sun Aug 13 06:50:58 MDT 2023]Trying logout...
[Sun Aug 13 06:50:58 MDT 2023]Logout finished.
[Sun Aug 13 06:50:59 MDT 2023]DEBUG:login.ajax.php.checklogin failed
[Sun Aug 13 06:50:59 MDT 2023]DEBUG:login.ajax.php.checklogin failed
[Sun Aug 13 06:51:03 MDT 2023]Login attempt(admin) from 96.52.73.180
[Sun Aug 13 06:51:03 MDT 2023]DEBUG:login.ajax.php.login got 1
[Sun Aug 13 06:51:04 MDT 2023]DEBUG:login.ajax.php.setSessionVars got 1
[Sun Aug 13 06:51:04 MDT 2023]Logged in USER(1) from 96.52.73.180
[Sun Aug 13 06:51:04 MDT 2023]DEBUG:isAdmin == true
[Sun Aug 13 06:51:04 MDT 2023]Logged in ADMIN(1) from 96.52.73.180
[Sun Aug 13 06:51:04 MDT 2023]Checking login, found uid1
[Sun Aug 13 06:51:04 MDT 2023]DEBUG:isAdmin == true
[Sun Aug 13 06:51:04 MDT 2023]DEBUG:isAdmin == true
[Sun Aug 13 06:58:43 MDT 2023]Checking login, found uid1
[Sun Aug 13 06:58:43 MDT 2023]DEBUG:ghoti.ajax.php:getPage: Checking for session userId
[Sun Aug 13 06:58:43 MDT 2023]DEBUG:ghoti.ajax.php:getPage: Found userId1
[Sun Aug 13 06:58:43 MDT 2023]DEBUG:ghoti.ajax.php:getPage: Checking user for admin priv
[Sun Aug 13 06:58:43 MDT 2023]DEBUG:isAdmin == true
[Sun Aug 13 06:58:43 MDT 2023]DEBUG:ghoti.ajax.php:getPage: admin checked positive
[Sun Aug 13 06:58:43 MDT 2023]Checking login, found uid1
[Sun Aug 13 06:58:43 MDT 2023]DEBUG:login.ajax.php.setSessionVars got 1
[Sun Aug 13 06:58:43 MDT 2023]Logged in USER(1) from 96.52.73.180
[Sun Aug 13 06:58:43 MDT 2023]DEBUG:isAdmin == true
[Sun Aug 13 06:58:43 MDT 2023]Logged in ADMIN(1) from 96.52.73.180
[Sun Aug 13 06:58:44 MDT 2023]Checking login, found uid1
[Sun Aug 13 06:58:44 MDT 2023]DEBUG:ghoti.ajax.php:getPage: Checking for session userId
[Sun Aug 13 06:58:44 MDT 2023]DEBUG:ghoti.ajax.php:getPage: Found userId1
[Sun Aug 13 06:58:44 MDT 2023]DEBUG:ghoti.ajax.php:getPage: Checking user for admin priv
[Sun Aug 13 06:58:44 MDT 2023]DEBUG:isAdmin == true
[Sun Aug 13 06:58:44 MDT 2023]DEBUG:ghoti.ajax.php:getPage: admin checked positive
[Sun Aug 13 06:58:44 MDT 2023]DEBUG:isAdmin == true
[Sun Aug 13 07:00:27 MDT 2023]Checking login, found uid1
[Sun Aug 13 07:00:27 MDT 2023]DEBUG:ghoti.ajax.php:getPage: Checking for session userId
[Sun Aug 13 07:00:27 MDT 2023]DEBUG:ghoti.ajax.php:getPage: Found userId1
[Sun Aug 13 07:00:27 MDT 2023]DEBUG:ghoti.ajax.php:getPage: Checking user for admin priv
[Sun Aug 13 07:00:27 MDT 2023]DEBUG:isAdmin == true
[Sun Aug 13 07:00:27 MDT 2023]DEBUG:ghoti.ajax.php:getPage: admin checked positive
[Sun Aug 13 07:00:27 MDT 2023]Checking login, found uid1
[Sun Aug 13 07:00:27 MDT 2023]DEBUG:login.ajax.php.setSessionVars got 1
[Sun Aug 13 07:00:27 MDT 2023]Logged in USER(1) from 96.52.73.180
[Sun Aug 13 07:00:27 MDT 2023]DEBUG:isAdmin == true
[Sun Aug 13 07:00:27 MDT 2023]Logged in ADMIN(1) from 96.52.73.180
[Sun Aug 13 07:00:27 MDT 2023]DEBUG:isAdmin == true
[Sun Aug 13 07:00:27 MDT 2023]Checking login, found uid1
[Sun Aug 13 07:00:27 MDT 2023]DEBUG:ghoti.ajax.php:getPage: Checking for session userId
[Sun Aug 13 07:00:28 MDT 2023]DEBUG:ghoti.ajax.php:getPage: Found userId1
[Sun Aug 13 07:00:28 MDT 2023]DEBUG:ghoti.ajax.php:getPage: Checking user for admin priv
[Sun Aug 13 07:00:28 MDT 2023]DEBUG:isAdmin == true
[Sun Aug 13 07:00:28 MDT 2023]DEBUG:ghoti.ajax.php:getPage: admin checked positive
[Sun Aug 13 07:01:48 MDT 2023]Checking login, found uid1
[Sun Aug 13 07:01:48 MDT 2023]DEBUG:ghoti.ajax.php:getPage: Checking for session userId
[Sun Aug 13 07:01:48 MDT 2023]DEBUG:ghoti.ajax.php:getPage: Found userId1
[Sun Aug 13 07:01:48 MDT 2023]DEBUG:ghoti.ajax.php:getPage: Checking user for admin priv
[Sun Aug 13 07:01:48 MDT 2023]DEBUG:isAdmin == true
[Sun Aug 13 07:01:48 MDT 2023]DEBUG:ghoti.ajax.php:getPage: admin checked positive
[Sun Aug 13 07:01:49 MDT 2023]Checking login, found uid1
[Sun Aug 13 07:01:49 MDT 2023]DEBUG:login.ajax.php.setSessionVars got 1
[Sun Aug 13 07:01:49 MDT 2023]Logged in USER(1) from 96.52.73.180
[Sun Aug 13 07:01:49 MDT 2023]DEBUG:isAdmin == true
[Sun Aug 13 07:01:49 MDT 2023]Logged in ADMIN(1) from 96.52.73.180
[Sun Aug 13 07:01:49 MDT 2023]DEBUG:isAdmin == true
[Sun Aug 13 07:01:49 MDT 2023]Checking login, found uid1
[Sun Aug 13 07:01:49 MDT 2023]DEBUG:ghoti.ajax.php:getPage: Checking for session userId
[Sun Aug 13 07:01:49 MDT 2023]DEBUG:ghoti.ajax.php:getPage: Found userId1
[Sun Aug 13 07:01:49 MDT 2023]DEBUG:ghoti.ajax.php:getPage: Checking user for admin priv
[Sun Aug 13 07:01:49 MDT 2023]DEBUG:isAdmin == true
[Sun Aug 13 07:01:49 MDT 2023]DEBUG:ghoti.ajax.php:getPage: admin checked positive
[Sun Aug 13 07:06:03 MDT 2023]Checking login, found uid1
[Sun Aug 13 07:06:03 MDT 2023]DEBUG:ghoti.ajax.php:getPage: Checking for session userId
[Sun Aug 13 07:06:03 MDT 2023]DEBUG:ghoti.ajax.php:getPage: Found userId1
[Sun Aug 13 07:06:03 MDT 2023]DEBUG:ghoti.ajax.php:getPage: Checking user for admin priv
[Sun Aug 13 07:06:03 MDT 2023]DEBUG:isAdmin == true
[Sun Aug 13 07:06:03 MDT 2023]DEBUG:ghoti.ajax.php:getPage: admin checked positive
[Sun Aug 13 07:06:03 MDT 2023]Checking login, found uid1
[Sun Aug 13 07:06:03 MDT 2023]DEBUG:login.ajax.php.setSessionVars got 1
[Sun Aug 13 07:06:03 MDT 2023]Logged in USER(1) from 96.52.73.180
[Sun Aug 13 07:06:03 MDT 2023]DEBUG:isAdmin == true
[Sun Aug 13 07:06:03 MDT 2023]Logged in ADMIN(1) from 96.52.73.180
[Sun Aug 13 07:06:03 MDT 2023]DEBUG:isAdmin == true
[Sun Aug 13 07:06:03 MDT 2023]Checking login, found uid1
[Sun Aug 13 07:06:03 MDT 2023]DEBUG:ghoti.ajax.php:getPage: Checking for session userId
[Sun Aug 13 07:06:04 MDT 2023]DEBUG:ghoti.ajax.php:getPage: Found userId1
[Sun Aug 13 07:06:04 MDT 2023]DEBUG:ghoti.ajax.php:getPage: Checking user for admin priv
[Sun Aug 13 07:06:04 MDT 2023]DEBUG:isAdmin == true
[Sun Aug 13 07:06:04 MDT 2023]DEBUG:ghoti.ajax.php:getPage: admin checked positive
[Sun Aug 13 07:06:07 MDT 2023]Checking login, found uid1
[Sun Aug 13 07:06:07 MDT 2023]DEBUG:ghoti.ajax.php:getPage: Checking for session userId
[Sun Aug 13 07:06:07 MDT 2023]DEBUG:ghoti.ajax.php:getPage: Found userId1
[Sun Aug 13 07:06:07 MDT 2023]DEBUG:ghoti.ajax.php:getPage: Checking user for admin priv
[Sun Aug 13 07:06:07 MDT 2023]DEBUG:isAdmin == true
[Sun Aug 13 07:06:07 MDT 2023]DEBUG:ghoti.ajax.php:getPage: admin checked positive
[Sun Aug 13 07:06:07 MDT 2023]Checking login, found uid1
[Sun Aug 13 07:06:07 MDT 2023]DEBUG:login.ajax.php.setSessionVars got 1
[Sun Aug 13 07:06:07 MDT 2023]Logged in USER(1) from 96.52.73.180
[Sun Aug 13 07:06:07 MDT 2023]DEBUG:isAdmin == true
[Sun Aug 13 07:06:07 MDT 2023]Logged in ADMIN(1) from 96.52.73.180
[Sun Aug 13 07:06:07 MDT 2023]Checking login, found uid1
[Sun Aug 13 07:06:07 MDT 2023]DEBUG:ghoti.ajax.php:getPage: Checking for session userId
[Sun Aug 13 07:06:07 MDT 2023]DEBUG:ghoti.ajax.php:getPage: Found userId1
[Sun Aug 13 07:06:07 MDT 2023]DEBUG:ghoti.ajax.php:getPage: Checking user for admin priv
[Sun Aug 13 07:06:07 MDT 2023]DEBUG:isAdmin == true
[Sun Aug 13 07:06:07 MDT 2023]DEBUG:ghoti.ajax.php:getPage: admin checked positive
[Sun Aug 13 07:06:07 MDT 2023]DEBUG:isAdmin == true
[Sun Aug 13 07:06:08 MDT 2023]Checking login, found uid1
[Sun Aug 13 07:06:08 MDT 2023]DEBUG:ghoti.ajax.php:getPage: Checking for session userId
[Sun Aug 13 07:06:08 MDT 2023]DEBUG:ghoti.ajax.php:getPage: Found userId1
[Sun Aug 13 07:06:08 MDT 2023]DEBUG:ghoti.ajax.php:getPage: Checking user for admin priv
[Sun Aug 13 07:06:08 MDT 2023]DEBUG:isAdmin == true
[Sun Aug 13 07:06:08 MDT 2023]DEBUG:ghoti.ajax.php:getPage: admin checked positive
[Sun Aug 13 07:06:09 MDT 2023]Checking login, found uid1
[Sun Aug 13 07:06:09 MDT 2023]DEBUG:ghoti.ajax.php:getPage: Checking for session userId
[Sun Aug 13 07:06:09 MDT 2023]DEBUG:ghoti.ajax.php:getPage: Found userId1
[Sun Aug 13 07:06:09 MDT 2023]DEBUG:ghoti.ajax.php:getPage: Checking user for admin priv
[Sun Aug 13 07:06:09 MDT 2023]DEBUG:isAdmin == true
[Sun Aug 13 07:06:09 MDT 2023]DEBUG:ghoti.ajax.php:getPage: admin checked positive
[Sun Aug 13 07:06:10 MDT 2023]Checking login, found uid1
[Sun Aug 13 07:06:10 MDT 2023]DEBUG:ghoti.ajax.php:getPage: Checking for session userId
[Sun Aug 13 07:06:10 MDT 2023]DEBUG:ghoti.ajax.php:getPage: Found userId1
[Sun Aug 13 07:06:10 MDT 2023]DEBUG:ghoti.ajax.php:getPage: Checking user for admin priv
[Sun Aug 13 07:06:10 MDT 2023]DEBUG:isAdmin == true
[Sun Aug 13 07:06:10 MDT 2023]DEBUG:ghoti.ajax.php:getPage: admin checked positive
[Sun Aug 13 07:06:14 MDT 2023]Checking login, found uid1
[Sun Aug 13 07:06:14 MDT 2023]Checking login, found uid1
[Sun Aug 13 07:06:14 MDT 2023]DEBUG:ghoti.ajax.php:getPage: Checking for session userId
[Sun Aug 13 07:06:14 MDT 2023]DEBUG:ghoti.ajax.php:getPage: Found userId1
[Sun Aug 13 07:06:14 MDT 2023]DEBUG:ghoti.ajax.php:getPage: Checking user for admin priv
[Sun Aug 13 07:06:14 MDT 2023]DEBUG:isAdmin == true
[Sun Aug 13 07:06:14 MDT 2023]DEBUG:ghoti.ajax.php:getPage: admin checked positive
[Sun Aug 13 07:06:14 MDT 2023]DEBUG:login.ajax.php.setSessionVars got 1
[Sun Aug 13 07:06:14 MDT 2023]Logged in USER(1) from 96.52.73.180
[Sun Aug 13 07:06:14 MDT 2023]DEBUG:isAdmin == true
[Sun Aug 13 07:06:14 MDT 2023]Logged in ADMIN(1) from 96.52.73.180
[Sun Aug 13 07:06:14 MDT 2023]DEBUG:isAdmin == true
[Sun Aug 13 07:06:14 MDT 2023]Checking login, found uid1
[Sun Aug 13 07:06:14 MDT 2023]DEBUG:ghoti.ajax.php:getPage: Checking for session userId
[Sun Aug 13 07:06:14 MDT 2023]DEBUG:ghoti.ajax.php:getPage: Found userId1
[Sun Aug 13 07:06:14 MDT 2023]DEBUG:ghoti.ajax.php:getPage: Checking user for admin priv
[Sun Aug 13 07:06:14 MDT 2023]DEBUG:isAdmin == true
[Sun Aug 13 07:06:14 MDT 2023]DEBUG:ghoti.ajax.php:getPage: admin checked positive
[Sun Aug 13 07:06:15 MDT 2023]Checking login, found uid1
[Sun Aug 13 07:06:15 MDT 2023]Checking login, found uid1
[Sun Aug 13 07:06:16 MDT 2023]DEBUG:ghoti.ajax.php:getPage: Checking for session userId
[Sun Aug 13 07:06:16 MDT 2023]DEBUG:ghoti.ajax.php:getPage: Found userId1
[Sun Aug 13 07:06:16 MDT 2023]DEBUG:ghoti.ajax.php:getPage: Checking user for admin priv
[Sun Aug 13 07:06:16 MDT 2023]DEBUG:isAdmin == true
[Sun Aug 13 07:06:16 MDT 2023]DEBUG:ghoti.ajax.php:getPage: admin checked positive
[Sun Aug 13 07:06:16 MDT 2023]DEBUG:login.ajax.php.setSessionVars got 1
[Sun Aug 13 07:06:16 MDT 2023]Logged in USER(1) from 96.52.73.180
[Sun Aug 13 07:06:16 MDT 2023]DEBUG:isAdmin == true
[Sun Aug 13 07:06:16 MDT 2023]Logged in ADMIN(1) from 96.52.73.180
[Sun Aug 13 07:06:16 MDT 2023]DEBUG:isAdmin == true
[Sun Aug 13 07:06:16 MDT 2023]Checking login, found uid1
[Sun Aug 13 07:06:16 MDT 2023]DEBUG:ghoti.ajax.php:getPage: Checking for session userId
[Sun Aug 13 07:06:16 MDT 2023]DEBUG:ghoti.ajax.php:getPage: Found userId1
[Sun Aug 13 07:06:16 MDT 2023]DEBUG:ghoti.ajax.php:getPage: Checking user for admin priv
[Sun Aug 13 07:06:16 MDT 2023]DEBUG:isAdmin == true
[Sun Aug 13 07:06:16 MDT 2023]DEBUG:ghoti.ajax.php:getPage: admin checked positive
[Sun Aug 13 07:06:25 MDT 2023]Trying logout...
[Sun Aug 13 07:06:25 MDT 2023]Logout finished.
[Sun Aug 13 07:06:25 MDT 2023]DEBUG:login.ajax.php.checklogin failed
[Sun Aug 13 07:06:25 MDT 2023]DEBUG:ghoti.ajax.php:getPage: Checking for session userId
[Sun Aug 13 07:06:25 MDT 2023]DEBUG:login.ajax.php.checklogin failed
[Sun Aug 13 07:06:34 MDT 2023]Login attempt(admin) from 96.52.73.180
[Sun Aug 13 07:06:34 MDT 2023]DEBUG:login.ajax.php.login got 1
[Sun Aug 13 07:06:34 MDT 2023]DEBUG:login.ajax.php.setSessionVars got 1
[Sun Aug 13 07:06:34 MDT 2023]Logged in USER(1) from 96.52.73.180
[Sun Aug 13 07:06:34 MDT 2023]DEBUG:isAdmin == true
[Sun Aug 13 07:06:34 MDT 2023]Logged in ADMIN(1) from 96.52.73.180
[Sun Aug 13 07:06:35 MDT 2023]Checking login, found uid1
[Sun Aug 13 07:06:35 MDT 2023]DEBUG:ghoti.ajax.php:getPage: Checking for session userId
[Sun Aug 13 07:06:35 MDT 2023]DEBUG:ghoti.ajax.php:getPage: Found userId1
[Sun Aug 13 07:06:35 MDT 2023]DEBUG:ghoti.ajax.php:getPage: Checking user for admin priv
[Sun Aug 13 07:06:35 MDT 2023]DEBUG:isAdmin == true
[Sun Aug 13 07:06:35 MDT 2023]DEBUG:ghoti.ajax.php:getPage: admin checked positive
[Sun Aug 13 07:06:35 MDT 2023]DEBUG:isAdmin == true
[Sun Aug 13 07:07:33 MDT 2023]Checking login, found uid1
[Sun Aug 13 07:07:33 MDT 2023]DEBUG:ghoti.ajax.php:getPage: Checking for session userId
[Sun Aug 13 07:07:33 MDT 2023]DEBUG:ghoti.ajax.php:getPage: Found userId1
[Sun Aug 13 07:07:33 MDT 2023]DEBUG:ghoti.ajax.php:getPage: Checking user for admin priv
[Sun Aug 13 07:07:33 MDT 2023]DEBUG:isAdmin == true
[Sun Aug 13 07:07:33 MDT 2023]DEBUG:ghoti.ajax.php:getPage: admin checked positive
[Sun Aug 13 07:07:33 MDT 2023]Checking login, found uid1
[Sun Aug 13 07:07:34 MDT 2023]DEBUG:login.ajax.php.setSessionVars got 1
[Sun Aug 13 07:07:34 MDT 2023]Logged in USER(1) from 96.52.73.180
[Sun Aug 13 07:07:34 MDT 2023]DEBUG:isAdmin == true
[Sun Aug 13 07:07:34 MDT 2023]Logged in ADMIN(1) from 96.52.73.180
[Sun Aug 13 07:07:34 MDT 2023]Checking login, found uid1
[Sun Aug 13 07:07:34 MDT 2023]DEBUG:ghoti.ajax.php:getPage: Checking for session userId
[Sun Aug 13 07:07:34 MDT 2023]DEBUG:ghoti.ajax.php:getPage: Found userId1
[Sun Aug 13 07:07:34 MDT 2023]DEBUG:ghoti.ajax.php:getPage: Checking user for admin priv
[Sun Aug 13 07:07:34 MDT 2023]DEBUG:isAdmin == true
[Sun Aug 13 07:07:34 MDT 2023]DEBUG:ghoti.ajax.php:getPage: admin checked positive
[Sun Aug 13 07:07:34 MDT 2023]DEBUG:isAdmin == true
[Sun Aug 13 07:09:02 MDT 2023]Checking login, found uid1
[Sun Aug 13 07:09:02 MDT 2023]DEBUG:ghoti.ajax.php:getPage: Checking for session userId
[Sun Aug 13 07:09:02 MDT 2023]DEBUG:ghoti.ajax.php:getPage: Found userId1
[Sun Aug 13 07:09:02 MDT 2023]DEBUG:ghoti.ajax.php:getPage: Checking user for admin priv
[Sun Aug 13 07:09:02 MDT 2023]DEBUG:isAdmin == true
[Sun Aug 13 07:09:02 MDT 2023]DEBUG:ghoti.ajax.php:getPage: admin checked positive
[Sun Aug 13 07:09:03 MDT 2023]Checking login, found uid1
[Sun Aug 13 07:09:03 MDT 2023]Checking login, found uid1
[Sun Aug 13 07:09:03 MDT 2023]DEBUG:ghoti.ajax.php:getPage: Checking for session userId
[Sun Aug 13 07:09:03 MDT 2023]DEBUG:ghoti.ajax.php:getPage: Found userId1
[Sun Aug 13 07:09:03 MDT 2023]DEBUG:ghoti.ajax.php:getPage: Checking user for admin priv
[Sun Aug 13 07:09:03 MDT 2023]DEBUG:isAdmin == true
[Sun Aug 13 07:09:03 MDT 2023]DEBUG:ghoti.ajax.php:getPage: admin checked positive
[Sun Aug 13 07:09:03 MDT 2023]DEBUG:login.ajax.php.setSessionVars got 1
[Sun Aug 13 07:09:03 MDT 2023]Logged in USER(1) from 96.52.73.180
[Sun Aug 13 07:09:03 MDT 2023]DEBUG:isAdmin == true
[Sun Aug 13 07:09:03 MDT 2023]Logged in ADMIN(1) from 96.52.73.180
[Sun Aug 13 07:09:03 MDT 2023]DEBUG:isAdmin == true
[Sun Aug 13 07:24:29 MDT 2023]Checking login, found uid1
[Sun Aug 13 07:24:29 MDT 2023]DEBUG:ghoti.ajax.php:getPage: Checking for session userId
[Sun Aug 13 07:24:29 MDT 2023]DEBUG:ghoti.ajax.php:getPage: Found userId1
[Sun Aug 13 07:24:29 MDT 2023]DEBUG:ghoti.ajax.php:getPage: Checking user for admin priv
[Sun Aug 13 07:24:29 MDT 2023]DEBUG:isAdmin == true
[Sun Aug 13 07:24:29 MDT 2023]DEBUG:ghoti.ajax.php:getPage: admin checked positive
[Sun Aug 13 07:24:29 MDT 2023]Checking login, found uid1
[Sun Aug 13 07:24:30 MDT 2023]DEBUG:isAdmin == true
[Sun Aug 13 07:24:30 MDT 2023]DEBUG:login.ajax.php.setSessionVars got 1
[Sun Aug 13 07:24:30 MDT 2023]Logged in USER(1) from 96.52.73.180
[Sun Aug 13 07:24:30 MDT 2023]DEBUG:isAdmin == true
[Sun Aug 13 07:24:30 MDT 2023]Logged in ADMIN(1) from 96.52.73.180
[Sun Aug 13 07:24:30 MDT 2023]Checking login, found uid1
[Sun Aug 13 07:24:30 MDT 2023]DEBUG:ghoti.ajax.php:getPage: Checking for session userId
[Sun Aug 13 07:24:30 MDT 2023]DEBUG:ghoti.ajax.php:getPage: Found userId1
[Sun Aug 13 07:24:30 MDT 2023]DEBUG:ghoti.ajax.php:getPage: Checking user for admin priv
[Sun Aug 13 07:24:30 MDT 2023]DEBUG:isAdmin == true
[Sun Aug 13 07:24:30 MDT 2023]DEBUG:ghoti.ajax.php:getPage: admin checked positive
[Sun Aug 13 07:24:42 MDT 2023]Checking login, found uid1
[Sun Aug 13 07:24:42 MDT 2023]DEBUG:ghoti.ajax.php:getPage: Checking for session userId
[Sun Aug 13 07:24:42 MDT 2023]DEBUG:ghoti.ajax.php:getPage: Found userId1
[Sun Aug 13 07:24:42 MDT 2023]DEBUG:ghoti.ajax.php:getPage: Checking user for admin priv
[Sun Aug 13 07:24:42 MDT 2023]DEBUG:isAdmin == true
[Sun Aug 13 07:24:42 MDT 2023]DEBUG:ghoti.ajax.php:getPage: admin checked positive
[Sun Aug 13 07:24:42 MDT 2023]Checking login, found uid1
[Sun Aug 13 07:24:42 MDT 2023]DEBUG:isAdmin == true
[Sun Aug 13 07:24:42 MDT 2023]DEBUG:login.ajax.php.setSessionVars got 1
[Sun Aug 13 07:24:42 MDT 2023]Logged in USER(1) from 96.52.73.180
[Sun Aug 13 07:24:42 MDT 2023]DEBUG:isAdmin == true
[Sun Aug 13 07:24:42 MDT 2023]Logged in ADMIN(1) from 96.52.73.180
[Sun Aug 13 07:24:43 MDT 2023]Checking login, found uid1
[Sun Aug 13 07:24:43 MDT 2023]DEBUG:ghoti.ajax.php:getPage: Checking for session userId
[Sun Aug 13 07:24:43 MDT 2023]DEBUG:ghoti.ajax.php:getPage: Found userId1
[Sun Aug 13 07:24:43 MDT 2023]DEBUG:ghoti.ajax.php:getPage: Checking user for admin priv
[Sun Aug 13 07:24:43 MDT 2023]DEBUG:isAdmin == true
[Sun Aug 13 07:24:43 MDT 2023]DEBUG:ghoti.ajax.php:getPage: admin checked positive
[Sun Aug 13 07:26:25 MDT 2023]Checking login, found uid1
[Sun Aug 13 07:26:25 MDT 2023]DEBUG:ghoti.ajax.php:getPage: Checking for session userId
[Sun Aug 13 07:26:25 MDT 2023]DEBUG:ghoti.ajax.php:getPage: Found userId1
[Sun Aug 13 07:26:25 MDT 2023]DEBUG:ghoti.ajax.php:getPage: Checking user for admin priv
[Sun Aug 13 07:26:25 MDT 2023]DEBUG:isAdmin == true
[Sun Aug 13 07:26:25 MDT 2023]DEBUG:ghoti.ajax.php:getPage: admin checked positive
[Sun Aug 13 07:26:25 MDT 2023]Checking login, found uid1
[Sun Aug 13 07:26:25 MDT 2023]DEBUG:login.ajax.php.setSessionVars got 1
[Sun Aug 13 07:26:25 MDT 2023]Logged in USER(1) from 96.52.73.180
[Sun Aug 13 07:26:25 MDT 2023]DEBUG:isAdmin == true
[Sun Aug 13 07:26:25 MDT 2023]Logged in ADMIN(1) from 96.52.73.180
[Sun Aug 13 07:26:25 MDT 2023]Checking login, found uid1
[Sun Aug 13 07:26:25 MDT 2023]DEBUG:ghoti.ajax.php:getPage: Checking for session userId
[Sun Aug 13 07:26:25 MDT 2023]DEBUG:ghoti.ajax.php:getPage: Found userId1
[Sun Aug 13 07:26:25 MDT 2023]DEBUG:ghoti.ajax.php:getPage: Checking user for admin priv
[Sun Aug 13 07:26:25 MDT 2023]DEBUG:isAdmin == true
[Sun Aug 13 07:26:25 MDT 2023]DEBUG:ghoti.ajax.php:getPage: admin checked positive
[Sun Aug 13 07:26:25 MDT 2023]DEBUG:isAdmin == true
[Sun Aug 13 07:26:41 MDT 2023]Checking login, found uid1
[Sun Aug 13 07:26:41 MDT 2023]DEBUG:ghoti.ajax.php:getPage: Checking for session userId
[Sun Aug 13 07:26:41 MDT 2023]DEBUG:ghoti.ajax.php:getPage: Found userId1
[Sun Aug 13 07:26:41 MDT 2023]DEBUG:ghoti.ajax.php:getPage: Checking user for admin priv
[Sun Aug 13 07:26:41 MDT 2023]DEBUG:isAdmin == true
[Sun Aug 13 07:26:41 MDT 2023]DEBUG:ghoti.ajax.php:getPage: admin checked positive
